INFO 2020/04/16 19:46:46 New post: 238361421372005816319521716310724440232181
INFO 2020/04/16 19:47:23 Delete post: 238361421372005816319521716310724440232181
INFO 2020/04/16 19:47:59 duyi logged in
INFO 2020/04/16 19:59:02 mln logged in
INFO 2020/04/16 20:00:30 New post: 143252032141401943918317389792021137622225
INFO 2020/04/18 12:21:44 duyi logged in
INFO 2020/04/18 12:22:12 New post: 247885148251125712612517214155997200177
INFO 2020/04/19 19:36:25 duyi logged in
INFO 2020/04/19 20:10:36 New post: 1791521365485018510610917924893213144201103
INFO 2020/04/19 20:10:41 Delete post: 1791521365485018510610917924893213144201103
INFO 2020/04/19 20:11:20 New post: 5210240220198423520523015923216812610133191
INFO 2020/04/19 20:11:46 New post: 131113572241501526974984842171842295115
INFO 2020/04/19 20:11:49 Delete post: 131113572241501526974984842171842295115
INFO 2020/04/19 20:11:51 Delete post: 5210240220198423520523015923216812610133191
INFO 2020/04/19 20:12:54 New post: 183152898422516365652151771816482140208228
INFO 2020/04/19 20:14:06 Delete post: 183152898422516365652151771816482140208228
INFO 2020/04/19 20:27:33 New post: 992029941661192101891612321014716585221223
INFO 2020/04/19 20:27:51 Delete post: 992029941661192101891612321014716585221223
INFO 2020/04/19 20:28:03 New post: 1431197151281391448214824481112212103242225
INFO 2020/04/19 20:28:40 Delete post: 1431197151281391448214824481112212103242225
INFO 2020/04/19 20:28:46 New post: 91180354197842713923552186516513137224
INFO 2020/04/19 20:30:33 New post: 1022551572531016811911219320344221240116217
INFO 2020/04/19 20:32:37 New post: 18377218180240172231022231042062553981195181
INFO 2020/04/19 20:32:43 Delete post: 18377218180240172231022231042062553981195181
INFO 2020/04/19 20:32:45 Delete post: 1022551572531016811911219320344221240116217
INFO 2020/04/19 20:32:45 Delete post: 91180354197842713923552186516513137224
INFO 2020/04/19 20:34:35 New post: 12118624313417132209843010125413881583218
INFO 2020/04/19 20:34:37 Delete post: 12118624313417132209843010125413881583218
INFO 2020/04/19 20:34:45 New post: 19561541216186217188105126201361261457420
INFO 2020/04/19 20:34:51 Delete post: 19561541216186217188105126201361261457420
INFO 2020/04/19 20:35:24 New post: 1431745194665246668410821954160182157147
INFO 2020/04/19 20:35:28 Delete post: 1431745194665246668410821954160182157147
INFO 2020/04/19 20:35:32 New post: 234236218157137621841872471477661207531748
INFO 2020/04/19 20:35:35 Delete post: 234236218157137621841872471477661207531748
INFO 2020/04/19 20:36:22 New post: 2432441102336710931261398416917978137153194
ERROR 2020/04/19 20:36:22 Error 1062: Duplicate entry '2432441102336710931261398416917978137153194' for key 'PRIMARY'
ERROR 2020/04/19 20:36:22 Error 1062: Duplicate entry '2432441102336710931261398416917978137153194' for key 'PRIMARY'
INFO 2020/04/19 20:37:47 New post: 18421524295942006339101347136135171163240
INFO 2020/04/19 20:37:50 Delete post: 2432441102336710931261398416917978137153194
INFO 2020/04/19 20:37:51 Delete post: 18421524295942006339101347136135171163240
INFO 2020/04/19 20:37:57 New post: 237841432417813785112792091890112138144253
INFO 2020/04/19 20:51:40 Delete post: 237841432417813785112792091890112138144253
INFO 2020/04/19 20:51:56 New post: 7297130181386222231821062087039247198192
INFO 2020/04/19 21:00:23 Delete post: 7297130181386222231821062087039247198192
INFO 2020/04/19 21:00:33 New post: 602119614634810456202491262929101121116
INFO 2020/04/19 21:05:03 Delete post: 602119614634810456202491262929101121116
INFO 2020/04/19 21:05:12 New post: 944718186102458699861949322814918620811
INFO 2020/04/19 21:05:39 Delete post: 944718186102458699861949322814918620811
INFO 2020/04/19 21:15:48 mln logged in
INFO 2020/04/19 21:16:41 New post: 522111233411148549220516311111519713914130
INFO 2020/04/19 21:17:45 Delete post: 522111233411148549220516311111519713914130
INFO 2020/04/19 21:18:33 New post: 285131101901011934199538723615712220841
INFO 2020/04/19 22:48:59 New post: 22622118727232502352412218175199151214209180
ERROR 2020/04/19 22:49:11 <nil>
INFO 2020/04/19 22:49:11 Delete post: 22622118727232502352412218175199151214209180
INFO 2020/04/19 22:49:32 New post: 878733191163892170187609543175148135158
ERROR 2020/04/19 22:49:36 <nil>
INFO 2020/04/19 22:49:36 Delete post: 878733191163892170187609543175148135158
ERROR 2020/04/20 10:34:02 template: home.html:35: function "Image" not defined
ERROR 2020/04/20 10:34:03 template: home.html:35: function "Image" not defined
ERROR 2020/04/20 10:34:03 template: home.html:35: function "Image" not defined
ERROR 2020/04/20 10:34:03 template: home.html:35: function "Image" not defined
ERROR 2020/04/20 10:34:08 template: home.html:35: function "Image" not defined
ERROR 2020/04/20 10:34:38 template: home.html:35: function "Image" not defined
ERROR 2020/04/20 10:34:38 template: home.html:35: function "Image" not defined
ERROR 2020/04/20 10:34:38 template: home.html:35: function "Image" not defined
ERROR 2020/04/20 10:35:35 template: home.html:35: function "Image" not defined
ERROR 2020/04/20 10:35:38 template: home.html:35: function "Image" not defined
ERROR 2020/04/20 10:35:38 template: home.html:35: function "Image" not defined
ERROR 2020/04/20 10:35:38 template: home.html:35: function "Image" not defined
ERROR 2020/04/20 10:35:49 template: home.html:35: function "Image" not defined
ERROR 2020/04/20 10:36:11 template: home.html:35: function "Image" not defined
ERROR 2020/04/20 10:38:04 template: home.html:35: function "Image" not defined
ERROR 2020/04/20 10:38:04 template: home.html:35: function "Image" not defined
ERROR 2020/04/20 10:38:05 template: home.html:35: function "Image" not defined
ERROR 2020/04/20 10:38:05 template: home.html:35: function "Image" not defined
INFO 2020/04/20 10:39:22 duyi logged in
INFO 2020/04/20 10:39:47 duyi logged in
ERROR 2020/04/20 10:46:29 template: home.html:35: unexpected bad character U+003D '=' in if
ERROR 2020/04/20 10:46:29 template: home.html:35: unexpected bad character U+003D '=' in if
ERROR 2020/04/20 10:46:29 template: home.html:35: unexpected bad character U+003D '=' in if
ERROR 2020/04/20 10:46:29 template: home.html:35: unexpected bad character U+003D '=' in if
ERROR 2020/04/20 10:46:29 template: home.html:35: unexpected bad character U+003D '=' in if
ERROR 2020/04/20 10:46:29 template: home.html:35: unexpected bad character U+003D '=' in if
ERROR 2020/04/20 10:46:34 template: home.html:35: unexpected bad character U+003D '=' in if
INFO 2020/04/20 11:09:26 New post: 1392357239240143225187552461714219611310
ERROR 2020/04/20 16:47:33 <nil>
INFO 2020/04/20 16:47:33 Delete post: 1392357239240143225187552461714219611310
INFO 2020/04/20 16:50:38 New post: 14915574139255120203225561411731401289157221
INFO 2020/04/20 16:59:11 duyi logged in
INFO 2020/04/20 17:00:01 duyi logged in
ERROR 2020/04/20 17:00:18 <nil>
INFO 2020/04/20 17:00:18 Delete post: 14915574139255120203225561411731401289157221
INFO 2020/04/20 17:11:22 mln logged in
INFO 2020/04/20 17:12:39 New post: 20820413424918871171216223173525312112765
INFO 2020/04/20 17:21:35 New post: 123143148234238152461532282381842123412816436
INFO 2020/04/20 17:32:31 djx logged in
INFO 2020/04/20 17:42:06 New post: 1227718774436591111263729706711723114
INFO 2020/04/20 20:34:41 New post: 126835737542371724127162103317524997
INFO 2020/04/20 20:36:30 New post: 24519717211108557010672141921613095117175
INFO 2020/04/20 20:38:58 New post: 24917226205881391081672171211576713236210121
INFO 2020/04/20 20:39:42 New post: 4456122951787614972102542553922481108192
INFO 2020/04/21 19:55:11 mln logged in
INFO 2020/04/21 19:55:59 New post: 62110195119261725471421146118515510421025
INFO 2020/04/21 20:06:01 duyi logged in
INFO 2020/04/21 20:06:03 duyi logged in
INFO 2020/04/21 20:07:11 New post: 1361811364114952117362384592324317016043
INFO 2020/04/21 20:10:12 duyi logged in
ERROR 2020/04/21 20:37:42 Error 1366: Incorrect integer value: 'true' for column 'image' at row 1
INFO 2020/04/21 20:40:30 New post: 22313118029351732197218711416979462111401
ERROR 2020/04/21 20:41:08 <nil>
INFO 2020/04/21 20:41:08 Delete post: 22313118029351732197218711416979462111401
INFO 2020/04/21 20:41:48 New post: 21121818723187154238162120821713843175117143
ERROR 2020/04/21 20:41:50 <nil>
INFO 2020/04/21 20:41:50 Delete post: 21121818723187154238162120821713843175117143
